<?xml version="1.0" encoding="UTF-8"?>
<testng-results skipped="0" failed="0" ignored="0" total="1" passed="1">
  <reporter-output>
  </reporter-output>
  <suite name="All Test Suite" duration-ms="572" started-at="2022-06-19T16:12:03 IST" finished-at="2022-06-19T16:12:04 IST">
    <groups>
      <group name="cucumber">
        <method signature="AbstractTestNGCucumberTests.runScenario(io.cucumber.testng.PickleWrapper,io.cucumber.testng.FeatureWrapper)[pri:0, instance:Runners.Run@210366b4]" name="runScenario" class="io.cucumber.testng.AbstractTestNGCucumberTests"/>
      </group> <!-- cucumber -->
    </groups>
    <test name="C:/Users/Hp/IdeaProjects/CucumberJavaDemo" duration-ms="572" started-at="2022-06-19T16:12:03 IST" finished-at="2022-06-19T16:12:04 IST">
      <class name="Runners.Run">
        <test-method status="PASS" signature="setUpClass()[pri:0, instance:Runners.Run@210366b4]" name="setUpClass" is-config="true" duration-ms="363" started-at="2022-06-19T16:12:03 IST" finished-at="2022-06-19T16:12:04 IST">
          <reporter-output>
          </reporter-output>
        </test-method> <!-- setUpClass -->
        <test-method status="PASS" signature="runScenario(io.cucumber.testng.PickleWrapper,io.cucumber.testng.FeatureWrapper)[pri:0, instance:Runners.Run@210366b4]" name="runScenario" duration-ms="157" started-at="2022-06-19T16:12:04 IST" description="Runs Cucumber Scenarios" data-provider="scenarios" finished-at="2022-06-19T16:12:04 IST">
          <params>
            <param index="0">
              <value>
                <![CDATA["user should be able to login with valod credentials"]]>
              </value>
            </param>
            <param index="1">
              <value>
                <![CDATA["Optional[Web Lpgin]"]]>
              </value>
            </param>
          </params>
          <reporter-output>
          </reporter-output>
        </test-method> <!-- runScenario -->
        <test-method status="PASS" signature="tearDownClass()[pri:0, instance:Runners.Run@210366b4]" name="tearDownClass" is-config="true" duration-ms="12" started-at="2022-06-19T16:12:04 IST" finished-at="2022-06-19T16:12:04 IST">
          <reporter-output>
          </reporter-output>
        </test-method> <!-- tearDownClass -->
      </class> <!-- Runners.Run -->
    </test> <!-- C:/Users/Hp/IdeaProjects/CucumberJavaDemo -->
  </suite> <!-- All Test Suite -->
</testng-results>
